  ArionMatrix.cpp
C:\Users\User\OneDrive\Рабочий стол\Arion\Arion\ArionMatrixDeterminant.cpp(9,44): warning C4267: инициализация: преобразование из "size_t" в "int"; возможна потеря данных
C:\Users\User\OneDrive\Рабочий стол\Arion\Arion\ArionMatrixDeterminant.cpp(42,57): warning C4244: +=: преобразование "double" в "int", возможна потеря данных
C:\Users\User\OneDrive\Рабочий стол\Arion\Arion\ArionMatrixRank.cpp(9,28): warning C4267: инициализация: преобразование из "size_t" в "int"; возможна потеря данных
C:\Users\User\OneDrive\Рабочий стол\Arion\Arion\ArionMatrixRank.cpp(9,55): warning C4267: инициализация: преобразование из "size_t" в "int"; возможна потеря данных
C:\Users\User\OneDrive\Рабочий стол\Arion\Arion\ArionMatrix.hpp(38,13): warning C4244: аргумент: преобразование "time_t" в "unsigned int", возможна потеря данных
C:\Users\User\OneDrive\Рабочий стол\Arion\Arion\ArionMatrix.hpp(79,1): warning C4267: =: преобразование из "size_t" в "int"; возможна потеря данных
C:\Users\User\OneDrive\Рабочий стол\Arion\Arion\ArionMatrix.hpp(124,13): warning C4244: аргумент: преобразование "time_t" в "unsigned int", возможна потеря данных
C:\Users\User\OneDrive\Рабочий стол\Arion\Arion\ArionMatrix.hpp(165,1): warning C4267: =: преобразование из "size_t" в "int"; возможна потеря данных
C:\Users\User\OneDrive\Рабочий стол\Arion\Arion\ArionMatrix.hpp(220,13): warning C4244: аргумент: преобразование "time_t" в "unsigned int", возможна потеря данных
C:\Users\User\OneDrive\Рабочий стол\Arion\Arion\ArionMatrix.hpp(256,1): warning C4267: =: преобразование из "size_t" в "int"; возможна потеря данных
C:\Users\User\OneDrive\Рабочий стол\Arion\Arion\ArionMatrix.hpp(257,1): warning C4267: =: преобразование из "size_t" в "int"; возможна потеря данных
  ArionMatrixDeterminant.cpp
C:\Users\User\OneDrive\Рабочий стол\Arion\Arion\ArionMatrixDeterminant.cpp(9,44): warning C4267: инициализация: преобразование из "size_t" в "int"; возможна потеря данных
C:\Users\User\OneDrive\Рабочий стол\Arion\Arion\ArionMatrixDeterminant.cpp(42,57): warning C4244: +=: преобразование "double" в "int", возможна потеря данных
  ArionMatrixRank.cpp
C:\Users\User\OneDrive\Рабочий стол\Arion\Arion\ArionMatrixRank.cpp(9,28): warning C4267: инициализация: преобразование из "size_t" в "int"; возможна потеря данных
C:\Users\User\OneDrive\Рабочий стол\Arion\Arion\ArionMatrixRank.cpp(9,55): warning C4267: инициализация: преобразование из "size_t" в "int"; возможна потеря данных
  main.cpp
C:\Users\User\OneDrive\Рабочий стол\Arion\Arion\ArionMatrixDeterminant.cpp(9,44): warning C4267: инициализация: преобразование из "size_t" в "int"; возможна потеря данных
C:\Users\User\OneDrive\Рабочий стол\Arion\Arion\ArionMatrixDeterminant.cpp(42,57): warning C4244: +=: преобразование "double" в "int", возможна потеря данных
C:\Users\User\OneDrive\Рабочий стол\Arion\Arion\ArionMatrixRank.cpp(9,28): warning C4267: инициализация: преобразование из "size_t" в "int"; возможна потеря данных
C:\Users\User\OneDrive\Рабочий стол\Arion\Arion\ArionMatrixRank.cpp(9,55): warning C4267: инициализация: преобразование из "size_t" в "int"; возможна потеря данных
C:\Users\User\OneDrive\Рабочий стол\Arion\Arion\ArionMatrix.hpp(38,13): warning C4244: аргумент: преобразование "time_t" в "unsigned int", возможна потеря данных
C:\Users\User\OneDrive\Рабочий стол\Arion\Arion\ArionMatrix.hpp(79,1): warning C4267: =: преобразование из "size_t" в "int"; возможна потеря данных
C:\Users\User\OneDrive\Рабочий стол\Arion\Arion\ArionMatrix.hpp(124,13): warning C4244: аргумент: преобразование "time_t" в "unsigned int", возможна потеря данных
C:\Users\User\OneDrive\Рабочий стол\Arion\Arion\ArionMatrix.hpp(165,1): warning C4267: =: преобразование из "size_t" в "int"; возможна потеря данных
C:\Users\User\OneDrive\Рабочий стол\Arion\Arion\ArionMatrix.hpp(220,13): warning C4244: аргумент: преобразование "time_t" в "unsigned int", возможна потеря данных
C:\Users\User\OneDrive\Рабочий стол\Arion\Arion\ArionMatrix.hpp(256,1): warning C4267: =: преобразование из "size_t" в "int"; возможна потеря данных
C:\Users\User\OneDrive\Рабочий стол\Arion\Arion\ArionMatrix.hpp(257,1): warning C4267: =: преобразование из "size_t" в "int"; возможна потеря данных
  Создание кода...
  Arion.vcxproj -> C:\Users\User\OneDrive\Рабочий стол\Arion\Arion\x64\Debug\Arion.exe
